TN:
SF:src/server.js
FN:28,(anonymous_0)
FN:30,(anonymous_1)
FNF:2
FNH:0
FNDA:0,(anonymous_0)
FNDA:0,(anonymous_1)
DA:3,1
DA:5,1
DA:6,1
DA:7,1
DA:9,1
DA:10,1
DA:11,1
DA:13,1
DA:15,1
DA:17,1
DA:19,1
DA:20,1
DA:21,1
DA:23,1
DA:24,1
DA:26,1
DA:29,0
DA:30,0
LF:18
LH:16
BRDA:29,0,0,0
BRDA:29,0,1,0
BRF:2
BRH:0
end_of_record
TN:
SF:src/auth/usersRoute.js
FN:11,(anonymous_0)
FN:24,(anonymous_1)
FN:32,(anonymous_2)
FN:34,(anonymous_3)
FN:38,(anonymous_4)
FNF:5
FNH:2
FNDA:2,(anonymous_0)
FNDA:1,(anonymous_1)
FNDA:0,(anonymous_2)
FNDA:0,(anonymous_3)
FNDA:0,(anonymous_4)
DA:3,1
DA:4,1
DA:6,1
DA:7,1
DA:8,1
DA:9,1
DA:11,1
DA:12,2
DA:13,2
DA:14,2
DA:18,2
DA:20,0
DA:24,1
DA:25,1
DA:29,1
DA:32,1
DA:33,0
DA:34,0
DA:35,0
DA:38,1
DA:39,0
DA:42,1
LF:22
LH:17
BRF:0
BRH:0
end_of_record
TN:
SF:src/auth/middleware/acl.js
FN:3,(anonymous_0)
FN:5,(anonymous_1)
FNF:2
FNH:2
FNDA:4,(anonymous_0)
FNDA:3,(anonymous_1)
DA:3,1
DA:5,4
DA:7,3
DA:8,3
DA:9,3
DA:12,0
DA:15,0
LF:7
LH:5
BRDA:8,0,0,3
BRDA:8,0,1,0
BRF:2
BRH:1
end_of_record
TN:
SF:src/auth/middleware/basic.js
FN:6,(anonymous_0)
FN:22,_authError
FNF:2
FNH:1
FNDA:1,(anonymous_0)
FNDA:0,_authError
DA:3,1
DA:4,1
DA:6,1
DA:8,1
DA:10,1
DA:11,1
DA:13,1
DA:14,1
DA:15,1
DA:18,0
DA:19,0
DA:23,0
LF:12
LH:9
BRDA:8,0,0,0
BRDA:8,0,1,1
BRF:2
BRH:1
end_of_record
TN:
SF:src/auth/middleware/bearer.js
FN:5,(anonymous_0)
FN:22,_authError
FNF:2
FNH:1
FNDA:5,(anonymous_0)
FNDA:0,_authError
DA:3,1
DA:5,1
DA:7,5
DA:9,5
DA:11,5
DA:12,5
DA:13,5
DA:14,5
DA:15,5
DA:18,0
DA:19,0
DA:23,0
LF:12
LH:9
BRDA:9,0,0,0
BRDA:9,0,1,5
BRF:2
BRH:1
end_of_record
TN:
SF:src/auth/models/users.js
FN:8,(anonymous_0)
FN:15,(anonymous_1)
FN:18,(anonymous_2)
FN:25,(anonymous_3)
FN:37,(anonymous_4)
FN:42,(anonymous_5)
FN:49,(anonymous_6)
FNF:7
FNH:6
FNDA:1,(anonymous_0)
FNDA:11,(anonymous_1)
FNDA:0,(anonymous_2)
FNDA:6,(anonymous_3)
FNDA:2,(anonymous_4)
FNDA:1,(anonymous_5)
FNDA:5,(anonymous_6)
DA:3,1
DA:4,1
DA:6,1
DA:8,1
DA:9,1
DA:16,11
DA:19,0
DA:20,0
DA:26,6
DA:32,6
DA:37,1
DA:38,2
DA:39,2
DA:42,1
DA:43,1
DA:44,1
DA:45,1
DA:46,0
DA:49,1
DA:50,5
DA:51,5
DA:52,5
DA:53,5
DA:54,0
DA:56,0
DA:60,1
DA:63,1
LF:27
LH:22
BRDA:6,0,0,1
BRDA:6,0,1,1
BRDA:45,1,0,1
BRDA:45,1,1,0
BRDA:53,2,0,5
BRDA:53,2,1,0
BRF:6
BRH:4
end_of_record
TN:
SF:src/error-handlers/404.js
FN:10,handle404
FNF:1
FNH:0
FNDA:0,handle404
DA:12,0
DA:17,0
DA:20,1
LF:3
LH:1
BRF:0
BRH:0
end_of_record
TN:
SF:src/error-handlers/500.js
FN:12,(anonymous_0)
FNF:1
FNH:0
FNDA:0,(anonymous_0)
DA:12,1
DA:15,0
DA:17,0
DA:21,0
LF:4
LH:1
BRDA:15,0,0,0
BRDA:15,0,1,0
BRF:2
BRH:0
end_of_record
TN:
SF:src/middleware/logger.js
FN:5,(anonymous_0)
FNF:1
FNH:1
FNDA:13,(anonymous_0)
DA:5,1
DA:6,13
DA:9,13
DA:12,1
LF:4
LH:4
BRF:0
BRH:0
end_of_record
TN:
SF:src/models/data-collection.js
FN:9,(anonymous_0)
FN:13,(anonymous_1)
FN:22,(anonymous_2)
FN:26,(anonymous_3)
FN:31,(anonymous_4)
FNF:5
FNH:5
FNDA:3,(anonymous_0)
FNDA:4,(anonymous_1)
FNDA:4,(anonymous_2)
FNDA:2,(anonymous_3)
FNDA:2,(anonymous_4)
DA:10,3
DA:14,4
DA:15,2
DA:18,2
DA:23,4
DA:27,2
DA:28,2
DA:32,2
DA:37,1
LF:9
LH:9
BRDA:14,0,0,2
BRDA:14,0,1,2
BRF:2
BRH:2
end_of_record
TN:
SF:src/models/index.js
FNF:0
FNH:0
DA:3,1
DA:4,1
DA:5,1
DA:6,1
DA:7,1
DA:9,1
DA:11,1
DA:12,1
DA:13,1
DA:14,1
DA:16,1
LF:11
LH:11
BRDA:9,0,0,1
BRDA:9,0,1,1
BRF:2
BRH:2
end_of_record
TN:
SF:src/models/clothes/model.js
FN:3,(anonymous_0)
FNF:1
FNH:1
FNDA:1,(anonymous_0)
DA:3,1
DA:9,1
LF:2
LH:2
BRF:0
BRH:0
end_of_record
TN:
SF:src/models/food/model.js
FN:3,(anonymous_0)
FNF:1
FNH:1
FNDA:1,(anonymous_0)
DA:3,1
DA:9,1
LF:2
LH:2
BRF:0
BRH:0
end_of_record
TN:
SF:src/routes/v1.js
FN:8,(anonymous_0)
FN:24,handleGetAll
FN:29,handleGetOne
FN:35,handleCreate
FN:41,handleUpdate
FN:48,handleDelete
FNF:6
FNH:6
FNDA:5,(anonymous_0)
FNDA:1,handleGetAll
FNDA:1,handleGetOne
FNDA:1,handleCreate
FNDA:1,handleUpdate
FNDA:1,handleDelete
DA:3,1
DA:4,1
DA:6,1
DA:8,1
DA:9,5
DA:10,5
DA:11,5
DA:12,5
DA:14,0
DA:18,1
DA:19,1
DA:20,1
DA:21,1
DA:22,1
DA:25,1
DA:26,1
DA:30,1
DA:31,1
DA:32,1
DA:36,1
DA:37,1
DA:38,1
DA:42,1
DA:43,1
DA:44,1
DA:45,0
DA:49,1
DA:50,1
DA:51,1
DA:55,1
LF:30
LH:28
BRDA:10,0,0,5
BRDA:10,0,1,0
BRF:2
BRH:1
end_of_record
TN:
SF:src/routes/v2.js
FN:11,(anonymous_0)
FN:27,handleGetAll
FN:32,handleGetOne
FN:38,handleCreate
FN:44,handleUpdate
FN:51,handleDelete
FNF:6
FNH:6
FNDA:5,(anonymous_0)
FNDA:1,handleGetAll
FNDA:1,handleGetOne
FNDA:1,handleCreate
FNDA:1,handleUpdate
FNDA:1,handleDelete
DA:3,1
DA:4,1
DA:5,1
DA:6,1
DA:7,1
DA:9,1
DA:11,1
DA:12,5
DA:13,5
DA:14,5
DA:15,5
DA:17,0
DA:21,1
DA:22,1
DA:23,1
DA:24,1
DA:25,1
DA:28,1
DA:29,1
DA:33,1
DA:34,1
DA:35,1
DA:39,1
DA:40,1
DA:41,1
DA:45,1
DA:46,1
DA:47,1
DA:48,0
DA:52,1
DA:53,1
DA:54,1
DA:58,1
LF:33
LH:31
BRDA:13,0,0,5
BRDA:13,0,1,0
BRF:2
BRH:1
end_of_record
